  Using 'git status' to determine working set for adaptive non-unity build (D:\GameDev\UnrealEngine\Tankogeddon).
  Parsing headers for TankogeddonEditor
    Running UnrealHeaderTool "D:\GameDev\UnrealEngine\Tankogeddon\Tankogeddon.uproject" "D:\GameDev\UnrealEngine\Tankogeddon\Intermediate\Build\Win64\TankogeddonEditor\Development\TankogeddonEditor.uhtmanifest" -LogCmds="loginit warning, logexit warning, logdatabase error" -Unattended -WarningsAsErrors -abslog="C:\Users\User\AppData\Local\UnrealBuildTool\Log_UHT.txt" -installed
  Reflection code generated for TankogeddonEditor in 6,9472606 seconds
  Building TankogeddonEditor...
  Using Visual Studio 2019 14.29.30133 toolchain (D:\Program Files\Microsoft Visual Studio\2019\Community\VC\Tools\MSVC\14.29.30133) and Windows 10.0.18362.0 SDK (D:\Windows Kits\10).
  Building 9 actions with 4 processes...
    [1/9] Cannon.gen.cpp
    [2/9] Cannon.cpp
    [3/9] TankPlayerController.cpp
    [4/9] TankPawn.cpp
    [5/9] Tankogeddon.init.gen.cpp
    [6/9] TankPawn.gen.cpp
    [7/9] UE4Editor-Tankogeddon-0021.lib
       Создается библиотека D:\GameDev\UnrealEngine\Tankogeddon\Intermediate\Build\Win64\UE4Editor\Development\Tankogeddon\UE4Editor-Tankogeddon-0021.lib и объект D:\GameDev\UnrealEngine\Tankogeddon\Intermediate\Build\Win64\UE4Editor\Development\Tankogeddon\UE4Editor-Tankogeddon-0021.exp
    [8/9] UE4Editor-Tankogeddon-0021.dll
       Создается библиотека D:\GameDev\UnrealEngine\Tankogeddon\Intermediate\Build\Win64\UE4Editor\Development\Tankogeddon\UE4Editor-Tankogeddon-0021.suppressed.lib и объект D:\GameDev\UnrealEngine\Tankogeddon\Intermediate\Build\Win64\UE4Editor\Development\Tankogeddon\UE4Editor-Tankogeddon-0021.suppressed.exp
    [9/9] TankogeddonEditor.target
  Total time in Parallel executor: 7,48 seconds
  Total execution time: 16,39 seconds
